<?xml version="1.0" encoding="UTF-8"?>
<!-- Generated by org.testng.reporters.JUnitReportReporter -->
<testsuite hostname="LAPTOP-58RNUS7D" failures="0" tests="1" name="Basepkg.Baseclass" time="8.376" errors="0" timestamp="2024-10-19T10:17:40 IST" skipped="0">
  <testcase classname="Basepkg.Baseclass" name="siteLoad" time="8.376"/>
  <system-out/>
</testsuite> <!-- Basepkg.Baseclass -->
