<?xml version="1.0" encoding="UTF-8"?>
<!-- Generated by org.testng.reporters.JUnitReportReporter -->
<testsuite hostname="LAPTOP-58RNUS7D" failures="0" tests="7" name="Testpkg.lenskarttest" time="290.783" errors="0" timestamp="2024-11-06T17:40:37 IST" skipped="0">
  <testcase classname="Testpkg.lenskarttest" name="Screenshotcheck" time="0.135"/>
  <system-out/>
  <testcase classname="Testpkg.lenskarttest" name="siteLoad" time="10.415"/>
  <system-out/>
  <testcase classname="Testpkg.lenskarttest" name="Verifylinkcheck" time="256.120"/>
  <system-out/>
  <testcase classname="Testpkg.lenskarttest" name="Titleverification" time="0.027"/>
  <system-out/>
  <testcase classname="Testpkg.lenskarttest" name="Textverification" time="0.190"/>
  <system-out/>
  <testcase classname="Testpkg.lenskarttest" name="Addtocartcheck" time="22.879"/>
  <system-out/>
  <testcase classname="Testpkg.lenskarttest" name="verifyloginwithcred" time="1.017"/>
  <system-out/>
</testsuite> <!-- Testpkg.lenskarttest -->
